<?xml version="1.0" encoding="UTF-8"?>
<testsuite name="SILab2Test" tests="2" skipped="0" failures="0" errors="0" timestamp="2022-06-03T18:07:15" hostname="MCHIPISHKOVA" time="0.021">
  <properties/>
  <testcase name="testEveryStatementMethod()" classname="SILab2Test" time="0.018"/>
  <testcase name="testEveryBranchMethod()" classname="SILab2Test" time="0.002"/>
  <system-out><![CDATA[]]></system-out>
  <system-err><![CDATA[]]></system-err>
</testsuite>
